13:43:27.387 INFO    thonny: Thonny version: 4.0.1
13:43:27.412 INFO    thonny: cwd: /home/hepi
13:43:27.696 INFO    thonny: original argv: ['/usr/bin/python3', '/usr/bin/thonny']
13:43:27.714 INFO    thonny: sys.executable: /usr/bin/python3
13:43:27.716 INFO    thonny: sys.argv: ['/usr/bin/thonny']
13:43:27.719 INFO    thonny: sys.path: ['/usr/bin', '/usr/lib/python39.zip', '/usr/lib/python3.9', '/usr/lib/python3.9/lib-dynload', '/usr/local/lib/python3.9/dist-packages', '/usr/lib/python3/dist-packages', '/usr/lib/python3.9/dist-packages']
13:43:27.725 INFO    thonny: sys.flags: sys.flags(debug=0, inspect=0, interactive=0, optimize=0, dont_write_bytecode=0, no_user_site=0, no_site=0, ignore_environment=0, verbose=0, bytes_warning=0, quiet=0, hash_randomization=1, isolated=0, dev_mode=False, utf8_mode=0)
13:43:34.741 WARNING thonny.workbench: Could not find UI theme 'clam', switching to default
13:43:42.586 INFO    thonny.plugins.cpython_frontend.cp_front: Creating LocalCPythonProxy
13:43:42.599 INFO    thonny.running: Starting the backend: ['/usr/bin/python3', '-u', '-B', '-m', 'thonny.plugins.cpython_backend.cp_launcher', '/home/hepi'] /home/hepi
13:45:27.137 INFO    thonny.editors: Save dialog returned '/home/hepi/getar.py' with typevariable ''
13:45:45.406 INFO    thonny: TIME/MODS 138.159 Before Run (+166 modules)
13:45:45.433 INFO    thonny: NEW MODS ['_bisect', '_blake2', '_ctypes', '_datetime', '_hashlib', '_posixsubprocess', '_queue', '_random', '_sha512', '_socket', '_ssl', '_tkinter', 'array', 'base64', 'bisect', 'calendar', 'ctypes', 'ctypes._endian', 'datetime', 'email._encoded_words', 'email._parseaddr', 'email._policybase', 'email.base64mime', 'email.charset', 'email.encoders', 'email.errors', 'email.feedparser', 'email.header', 'email.iterators', 'email.message', 'email.parser', 'email.quoprimime', 'email.utils', 'encodings.ascii', 'faulthandler', 'gettext', 'hashlib', 'http', 'http.client', 'locale', 'math', 'pkgutil', 'platform', 'queue', 'quopri', 'random', 'runpy', 'select', 'selectors', 'shlex', 'signal', 'socket', 'ssl', 'subprocess', 'tempfile', 'textwrap', 'thonny.assistance', 'thonny.ast_utils', 'thonny.backend', 'thonny.base_file_browser', 'thonny.codeview', 'thonny.config', 'thonny.config_ui', 'thonny.editor_helpers', 'thonny.editors', 'thonny.languages', 'thonny.memory', 'thonny.misc_utils', 'thonny.plugins', 'thonny.plugins.about', 'thonny.plugins.assistant_config_page', 'thonny.plugins.ast_view', 'thonny.plugins.autocomplete', 'thonny.plugins.backend', 'thonny.plugins.backend_config_page', 'thonny.plugins.base_syntax_themes', 'thonny.plugins.base_ui_themes', 'thonny.plugins.birdseye_frontend', 'thonny.plugins.calltip', 'thonny.plugins.cells', 'thonny.plugins.circuitpython', 'thonny.plugins.circuitpython.cirpy_front', 'thonny.plugins.clean_ui_themes', 'thonny.plugins.coloring', 'thonny.plugins.commenting_indenting', 'thonny.plugins.common_editing_commands', 'thonny.plugins.cpython_backend', 'thonny.plugins.cpython_backend.cp_back', 'thonny.plugins.cpython_frontend', 'thonny.plugins.cpython_frontend.cp_front', 'thonny.plugins.cpython_ssh', 'thonny.plugins.cpython_ssh.cps_front', 'thonny.plugins.debugger', 'thonny.plugins.dock_user_windows_frontend', 'thonny.plugins.editor_config_page', 'thonny.plugins.esp', 'thonny.plugins.ev3', 'thonny.plugins.event_logging', 'thonny.plugins.event_view', 'thonny.plugins.files', 'thonny.plugins.find_replace', 'thonny.plugins.general_config_page', 'thonny.plugins.goto_definition', 'thonny.plugins.heap', 'thonny.plugins.help', 'thonny.plugins.highlight_names', 'thonny.plugins.locals_marker', 'thonny.plugins.microbit', 'thonny.plugins.micropython', 'thonny.plugins.micropython.mp_common', 'thonny.plugins.micropython.mp_front', 'thonny.plugins.micropython.uf2dialog', 'thonny.plugins.misc_analyzers', 'thonny.plugins.mypy', 'thonny.plugins.notes', 'thonny.plugins.object_inspector', 'thonny.plugins.outline', 'thonny.plugins.paren_matcher', 'thonny.plugins.pgzero_frontend', 'thonny.plugins.pi', 'thonny.plugins.pip_gui', 'thonny.plugins.prime_inventor', 'thonny.plugins.printing', 'thonny.plugins.pylint', 'thonny.plugins.pylint.messages', 'thonny.plugins.pythontutor', 'thonny.plugins.remove_old_data_dir', 'thonny.plugins.replayer', 'thonny.plugins.rp2040', 'thonny.plugins.rpi_pico', 'thonny.plugins.run_debug_config_page', 'thonny.plugins.shell_config_page', 'thonny.plugins.shell_macro', 'thonny.plugins.statement_boxes', 'thonny.plugins.stdlib_error_helpers', 'thonny.plugins.system_shell', 'thonny.plugins.terminal_config_page', 'thonny.plugins.theme_and_font_config_page', 'thonny.plugins.thonny_folders', 'thonny.plugins.todo_view', 'thonny.plugins.tomorrow_syntax_theme', 'thonny.plugins.variables', 'thonny.roughparse', 'thonny.rst_utils', 'thonny.running', 'thonny.shell', 'thonny.terminal', 'thonny.tktextext', 'thonny.token_utils', 'thonny.ui_utils', 'thonny.workbench', 'thonny.workdlg', 'tkinter', 'tkinter.commondialog', 'tkinter.constants', 'tkinter.dialog', 'tkinter.filedialog', 'tkinter.font', 'tkinter.messagebox', 'tkinter.simpledialog', 'tkinter.ttk', 'urllib.error', 'urllib.request', 'urllib.response', 'uu', 'webbrowser']
13:45:45.864 INFO    thonny.running: Killing backend process
13:45:45.897 INFO    thonny.running: Starting the backend: ['/usr/bin/python3', '-u', '-B', '-m', 'thonny.plugins.cpython_backend.cp_launcher', '/home/hepi'] /home/hepi
13:45:45.955 INFO    thonny.running: Reader got EOF
13:45:46.100 INFO    thonny.running: Prepared clean state for executing ToplevelCommand(args=['getar.py'], args_str='getar.py', cmd_line='%Run getar.py', tty_mode=True, source=None, name='Run', argv=[], id='cmd_8', local_cwd='/home/hepi')
13:45:46.276 INFO    thonny: TIME/MODS 0.870 After Run 
13:47:14.288 INFO    thonny.editors: Save dialog returned '/home/hepi/camera.py' with typevariable ''
13:47:45.190 INFO    thonny.running: Killing backend process
13:47:45.199 INFO    thonny.shell: BaseShellText._on_backend_terminated
13:47:45.213 INFO    thonny.running: Reader got EOF
13:47:46.897 INFO    thonny.plugins.cpython_frontend.cp_front: Creating LocalCPythonProxy
13:47:47.004 INFO    thonny.running: Starting the backend: ['/usr/bin/python3', '-u', '-B', '-m', 'thonny.plugins.cpython_backend.cp_launcher', '/home/hepi'] /home/hepi
13:47:47.284 INFO    thonny.shell: BaseShellText.restart(False)
13:47:52.980 INFO    thonny.running: Killing backend process
13:47:52.983 INFO    thonny.shell: BaseShellText._on_backend_terminated
13:47:53.014 INFO    thonny.running: Reader got EOF
13:47:54.790 INFO    thonny.plugins.cpython_frontend.cp_front: Creating LocalCPythonProxy
13:47:54.794 INFO    thonny.running: Starting the backend: ['/usr/bin/python3', '-u', '-B', '-m', 'thonny.plugins.cpython_backend.cp_launcher', '/home/hepi'] /home/hepi
13:47:54.852 INFO    thonny.shell: BaseShellText.restart(False)
13:47:58.973 INFO    thonny.running: Killing backend process
13:47:58.976 INFO    thonny.shell: BaseShellText._on_backend_terminated
13:47:58.985 INFO    thonny.running: Reader got EOF
13:47:59.934 INFO    thonny.plugins.cpython_frontend.cp_front: Creating LocalCPythonProxy
13:47:59.949 INFO    thonny.running: Starting the backend: ['/usr/bin/python3', '-u', '-B', '-m', 'thonny.plugins.cpython_backend.cp_launcher', '/home/hepi'] /home/hepi
13:48:00.043 INFO    thonny.shell: BaseShellText.restart(False)
13:48:05.399 INFO    thonny.running: Killing backend process
13:48:05.488 INFO    thonny.shell: BaseShellText._on_backend_terminated
13:48:05.521 INFO    thonny.running: Reader got EOF
13:48:07.478 INFO    thonny.plugins.cpython_frontend.cp_front: Creating LocalCPythonProxy
13:48:07.483 INFO    thonny.running: Starting the backend: ['/usr/bin/python3', '-u', '-B', '-m', 'thonny.plugins.cpython_backend.cp_launcher', '/home/hepi'] /home/hepi
13:48:07.671 INFO    thonny.shell: BaseShellText.restart(False)
13:48:13.158 INFO    thonny.running: Killing backend process
13:48:13.167 INFO    thonny.shell: BaseShellText._on_backend_terminated
13:48:13.178 INFO    thonny.running: Reader got EOF
13:48:14.895 INFO    thonny.plugins.cpython_frontend.cp_front: Creating LocalCPythonProxy
13:48:14.920 INFO    thonny.running: Starting the backend: ['/usr/bin/python3', '-u', '-B', '-m', 'thonny.plugins.cpython_backend.cp_launcher', '/home/hepi'] /home/hepi
13:48:15.201 INFO    thonny.shell: BaseShellText.restart(False)
13:48:20.070 INFO    thonny.running: Killing backend process
13:48:20.073 INFO    thonny.shell: BaseShellText._on_backend_terminated
13:48:20.097 INFO    thonny.running: Reader got EOF
13:48:21.642 INFO    thonny.plugins.cpython_frontend.cp_front: Creating LocalCPythonProxy
13:48:21.713 INFO    thonny.running: Starting the backend: ['/usr/bin/python3', '-u', '-B', '-m', 'thonny.plugins.cpython_backend.cp_launcher', '/home/hepi'] /home/hepi
13:48:22.137 INFO    thonny.shell: BaseShellText.restart(False)
13:49:36.037 INFO    thonny.running: Killing backend process
13:49:36.084 INFO    thonny.shell: BaseShellText._on_backend_terminated
13:49:36.096 INFO    thonny.running: Reader got EOF
13:49:37.977 INFO    thonny.plugins.cpython_frontend.cp_front: Creating LocalCPythonProxy
13:49:37.992 INFO    thonny.running: Starting the backend: ['/usr/bin/python3', '-u', '-B', '-m', 'thonny.plugins.cpython_backend.cp_launcher', '/home/hepi'] /home/hepi
13:49:38.114 INFO    thonny.shell: BaseShellText.restart(False)
13:49:48.495 INFO    thonny.running: Killing backend process
13:49:48.510 INFO    thonny.shell: BaseShellText._on_backend_terminated
13:49:48.528 INFO    thonny.running: Reader got EOF
